Traceback (most recent call last):
  File "/home/codespace/.local/lib/python3.12/site-packages/jupyter_core/utils/__init__.py", line 154, in wrapped
    asyncio.get_running_loop()
RuntimeError: no running event loop

During handling of the above exception, another exception occurred:

Traceback (most recent call last):
  File "/usr/local/python/3.12.1/lib/python3.12/site-packages/jupyter_cache/executors/utils.py", line 58, in single_nb_execution
    executenb(
  File "/home/codespace/.local/lib/python3.12/site-packages/nbclient/client.py", line 1319, in execute
    return NotebookClient(nb=nb, resources=resources, km=km, **kwargs).execute()
           ^^^^^^^^^^^^^^^^^^^^^^^^^^^^^^^^^^^^^^^^^^^^^^^^^^^^^^^^^^^^^^^^^^^^^
  File "/home/codespace/.local/lib/python3.12/site-packages/jupyter_core/utils/__init__.py", line 158, in wrapped
    return loop.run_until_complete(inner)
           ^^^^^^^^^^^^^^^^^^^^^^^^^^^^^^
  File "/usr/local/python/3.12.1/lib/python3.12/asyncio/base_events.py", line 684, in run_until_complete
    return future.result()
           ^^^^^^^^^^^^^^^
  File "/home/codespace/.local/lib/python3.12/site-packages/nbclient/client.py", line 709, in async_execute
    await self.async_execute_cell(
  File "/home/codespace/.local/lib/python3.12/site-packages/nbclient/client.py", line 1062, in async_execute_cell
    await self._check_raise_for_error(cell, cell_index, exec_reply)
  File "/home/codespace/.local/lib/python3.12/site-packages/nbclient/client.py", line 918, in _check_raise_for_error
    raise CellExecutionError.from_cell_and_msg(cell, exec_reply_content)
nbclient.exceptions.CellExecutionError: An error occurred while executing the following cell:
------------------
import pandas as pd
from sqlalchemy import create_engine
import numpy as np

# Koneksi PostgreSQL
user = "postgres"
password = "postgres"
host = "localhost"
port = "5432"
database = "proyek_sainsdata"

engine = create_engine(f"postgresql+psycopg2://{user}:{password}@{host}:{port}/{database}")

# Query ambil data
query = "SELECT * FROM stroke_data"

# Baca ke DataFrame
df = pd.read_sql(query, engine)

# 🔑 Perbaikan encoding & nilai aneh
df.replace('N/A', np.nan, inplace=True)   # ganti 'N/A' jadi NaN
df = df.applymap(lambda x: x.strip() if isinstance(x, str) else x)  # buang spasi aneh
df = df.astype(str).apply(lambda col: col.str.encode('utf-8', 'ignore').str.decode('utf-8'))  # pastikan UTF-8

# Hasil ke Power BI
dataset = df
------------------


[31m---------------------------------------------------------------------------[39m
[31mModuleNotFoundError[39m                       Traceback (most recent call last)
[36mCell[39m[36m [39m[32mIn[2][39m[32m, line 12[39m
[32m      9[39m port = [33m"[39m[33m5432[39m[33m"[39m
[32m     10[39m database = [33m"[39m[33mproyek_sainsdata[39m[33m"[39m
[32m---> [39m[32m12[39m engine = [43mcreate_engine[49m[43m([49m[33;43mf[39;49m[33;43m"[39;49m[33;43mpostgresql+psycopg2://[39;49m[38;5;132;43;01m{[39;49;00m[43muser[49m[38;5;132;43;01m}[39;49;00m[33;43m:[39;49m[38;5;132;43;01m{[39;49;00m[43mpassword[49m[38;5;132;43;01m}[39;49;00m[33;43m@[39;49m[38;5;132;43;01m{[39;49;00m[43mhost[49m[38;5;132;43;01m}[39;49;00m[33;43m:[39;49m[38;5;132;43;01m{[39;49;00m[43mport[49m[38;5;132;43;01m}[39;49;00m[33;43m/[39;49m[38;5;132;43;01m{[39;49;00m[43mdatabase[49m[38;5;132;43;01m}[39;49;00m[33;43m"[39;49m[43m)[49m
[32m     14[39m [38;5;66;03m# Query ambil data[39;00m
[32m     15[39m query = [33m"[39m[33mSELECT * FROM stroke_data[39m[33m"[39m

[36mFile [39m[32m<string>:2[39m, in [36mcreate_engine[39m[34m(url, **kwargs)[39m

[36mFile [39m[32m/usr/local/python/3.12.1/lib/python3.12/site-packages/sqlalchemy/util/deprecations.py:281[39m, in [36mdeprecated_params.<locals>.decorate.<locals>.warned[39m[34m(fn, *args, **kwargs)[39m
[32m    274[39m     [38;5;28;01mif[39;00m m [38;5;129;01min[39;00m kwargs:
[32m    275[39m         _warn_with_version(
[32m    276[39m             messages[m],
[32m    277[39m             versions[m],
[32m    278[39m             version_warnings[m],
[32m    279[39m             stacklevel=[32m3[39m,
[32m    280[39m         )
[32m--> [39m[32m281[39m [38;5;28;01mreturn[39;00m [43mfn[49m[43m([49m[43m*[49m[43margs[49m[43m,[49m[43m [49m[43m*[49m[43m*[49m[43mkwargs[49m[43m)[49m

[36mFile [39m[32m/usr/local/python/3.12.1/lib/python3.12/site-packages/sqlalchemy/engine/create.py:617[39m, in [36mcreate_engine[39m[34m(url, **kwargs)[39m
[32m    615[39m         [38;5;28;01mif[39;00m k [38;5;129;01min[39;00m kwargs:
[32m    616[39m             dbapi_args[k] = pop_kwarg(k)
[32m--> [39m[32m617[39m     dbapi = [43mdbapi_meth[49m[43m([49m[43m*[49m[43m*[49m[43mdbapi_args[49m[43m)[49m
[32m    619[39m dialect_args[[33m"[39m[33mdbapi[39m[33m"[39m] = dbapi
[32m    621[39m dialect_args.setdefault([33m"[39m[33mcompiler_linting[39m[33m"[39m, compiler.NO_LINTING)

[36mFile [39m[32m/usr/local/python/3.12.1/lib/python3.12/site-packages/sqlalchemy/dialects/postgresql/psycopg2.py:696[39m, in [36mPGDialect_psycopg2.import_dbapi[39m[34m(cls)[39m
[32m    694[39m [38;5;129m@classmethod[39m
[32m    695[39m [38;5;28;01mdef[39;00m[38;5;250m [39m[34mimport_dbapi[39m([38;5;28mcls[39m):
[32m--> [39m[32m696[39m     [38;5;28;01mimport[39;00m[38;5;250m [39m[34;01mpsycopg2[39;00m
[32m    698[39m     [38;5;28;01mreturn[39;00m psycopg2

[31mModuleNotFoundError[39m: No module named 'psycopg2'

